(Trellis   ) Clock started
(Trellis   ) Trellis killed
(Trellis   ) Trellis started
(Trellis   ) Trellis started
(Trellis   ) Trellis started
(Trellis   ) Trellis started
(Trellis   ) Trellis started
(Trellis   ) Trellis started
(Trellis   ) Trellis started
(Trellis   ) Trellis killed
(Trellis   ) Trellis started
(Trellis   ) Trellis started
(Trellis   ) Trellis killed
(Trellis   ) Trellis started
(Trellis   ) Trellis killed
(Trellis   ) Trellis started
(Trellis   ) Trellis started
(Trellis   ) Trellis killed
(Trellis   ) Trellis started
(Trellis   ) Trellis started
(Trellis   ) Trellis killed
(Trellis   ) Trellis started
(Trellis   ) Trellis killed
(Trellis   ) Trellis started
(Trellis   ) Trellis killed
(Trellis   ) Trellis started
(Trellis   ) Trellis killed
(Trellis   ) Trellis started
(Trellis   ) Trellis started
(Trellis   ) Trellis started
(Trellis   ) Trellis started
(Trellis   ) Trellis killed
(Trellis   ) Trellis started
(Trellis   ) Trellis killed
(Trellis   ) Trellis started
(Trellis   ) Trellis killed
(Trellis   ) Trellis started
(Trellis   ) Trellis killed
(Trellis   ) Trellis started
(Trellis   ) Trellis started
(Trellis   ) Trellis killed
(Trellis   ) Trellis started
(Trellis   ) Trellis killed
(Trellis   ) Trellis started
(Trellis   ) Trellis started
(Trellis   ) Trellis started
(Trellis   ) Trellis started
(Trellis   ) Trellis started
(Trellis   ) Trellis killed
(Trellis   ) Trellis started
(Trellis   ) Trellis killed
(Trellis   ) Trellis started
(Trellis   ) Trellis killed
(Trellis   ) Trellis started
(Trellis   ) Trellis killed
(Trellis   ) Trellis started
(Trellis   ) Trellis killed
(Trellis   ) Trellis started
(Trellis   ) Trellis killed
(Tsssrellis) Trellis started
(Tsssrellis) Trellis killed
(Tsssrellis) Trellis started
(Tsssrellis) Trellis killed
(Thread-1  ) Trellis started
(Thread-1  ) Trellis killed
(Trellis   ) Trellis started
(Trellis   ) Trellis killed
(ssTrellis ) ssTrellis started
(ssTrellis ) ssTrellis killed
